# JRE version: OpenJDK Runtime Environment (22.0.2+9) (build 22.0.2+9-70)
# Java VM: OpenJDK 64-Bit Server VM (22.0.2+9-70, mixed mode, sharing, tiered, compressed oops, compressed class ptrs, g1 gc, windows-amd64)
GC Precious Log:
 CardTable entry size: 512
 Card Set container configuration: InlinePtr #cards 4 size 8 Array Of Cards #cards 16 size 48 Howl #buckets 8 coarsen threshold 3686 Howl Bitmap #cards 512 size 80 coarsen threshold 460 Card regions per heap region 1 cards per card region 4096
 CPUs: 12 total, 12 available
 Memory: 15708M
 Large Page Support: Disabled
 NUMA Support: Disabled
 Compressed Oops: Enabled (Zero based)
 Heap Region Size: 2M
 Heap Min Capacity: 8M
 Heap Initial Capacity: 246M
 Heap Max Capacity: 3928M
 Pre-touch: Disabled
 Parallel Workers: 10
 Concurrent Workers: 3
 Concurrent Refinement Workers: 10
 Periodic GC: Disabled
Heap:
 garbage-first heap   total reserved 4022272K, committed 106496K, used 50977K [0x000000070a800000, 0x0000000800000000)
  region size 2048K, 9 young (18432K), 4 survivors (8192K)
 Metaspace       used 84805K, committed 85632K, reserved 1179648K
  class space    used 11763K, committed 12096K, reserved 1048576K
GC Heap History (20 events):
Event: 13.006 GC heap before
{Heap before GC invocations=13 (full 0):
 garbage-first heap   total reserved 4022272K, committed 65536K, used 55892K [0x000000070a800000, 0x0000000800000000)
  region size 2048K, 15 young (30720K), 1 survivors (2048K)
 Metaspace       used 65007K, committed 65664K, reserved 1114112K
  class space    used 8865K, committed 9152K, reserved 1048576K
}
Event: 13.012 GC heap after
{Heap after GC invocations=14 (full 0):
 garbage-first heap   total reserved 4022272K, committed 79872K, used 29759K [0x000000070a800000, 0x0000000800000000)
  region size 2048K, 2 young (4096K), 2 survivors (4096K)
 Metaspace       used 65007K, committed 65664K, reserved 1114112K
  class space    used 8865K, committed 9152K, reserved 1048576K
}
Event: 14.432 GC heap before
{Heap before GC invocations=14 (full 0):
 garbage-first heap   total reserved 4022272K, committed 79872K, used 66623K [0x000000070a800000, 0x0000000800000000)
  region size 2048K, 21 young (43008K), 2 survivors (4096K)
 Metaspace       used 71222K, committed 71936K, reserved 1114112K
  class space    used 9973K, committed 10304K, reserved 1048576K
}
Event: 14.441 GC heap after
{Heap after GC invocations=15 (full 0):
 garbage-first heap   total reserved 4022272K, committed 79872K, used 32943K [0x000000070a800000, 0x0000000800000000)
  region size 2048K, 3 young (6144K), 3 survivors (6144K)
 Metaspace       used 71222K, committed 71936K, reserved 1114112K
  class space    used 9973K, committed 10304K, reserved 1048576K
}
Event: 14.843 GC heap before
{Heap before GC invocations=15 (full 0):
 garbage-first heap   total reserved 4022272K, committed 79872K, used 65711K [0x000000070a800000, 0x0000000800000000)
  region size 2048K, 19 young (38912K), 3 survivors (6144K)
 Metaspace       used 72810K, committed 73536K, reserved 1114112K
  class space    used 10203K, committed 10560K, reserved 1048576K
}
Event: 14.850 GC heap after
{Heap after GC invocations=16 (full 0):
 garbage-first heap   total reserved 4022272K, committed 79872K, used 37745K [0x000000070a800000, 0x0000000800000000)
  region size 2048K, 3 young (6144K), 3 survivors (6144K)
 Metaspace       used 72810K, committed 73536K, reserved 1114112K
  class space    used 10203K, committed 10560K, reserved 1048576K
}
Event: 14.953 GC heap before
{Heap before GC invocations=16 (full 0):
 garbage-first heap   total reserved 4022272K, committed 79872K, used 64369K [0x000000070a800000, 0x0000000800000000)
  region size 2048K, 16 young (32768K), 3 survivors (6144K)
 Metaspace       used 72814K, committed 73536K, reserved 1114112K
  class space    used 10203K, committed 10560K, reserved 1048576K
}
Event: 14.957 GC heap after
{Heap after GC invocations=17 (full 0):
 garbage-first heap   total reserved 4022272K, committed 79872K, used 38032K [0x000000070a800000, 0x0000000800000000)
  region size 2048K, 1 young (2048K), 1 survivors (2048K)
 Metaspace       used 72814K, committed 73536K, reserved 1114112K
  class space    used 10203K, committed 10560K, reserved 1048576K
}
Event: 15.114 GC heap before
{Heap before GC invocations=18 (full 0):
 garbage-first heap   total reserved 4022272K, committed 79872K, used 68752K [0x000000070a800000, 0x0000000800000000)
  region size 2048K, 16 young (32768K), 1 survivors (2048K)
 Metaspace       used 72816K, committed 73536K, reserved 1114112K
  class space    used 10203K, committed 10560K, reserved 1048576K
}
Event: 15.121 GC heap after
{Heap after GC invocations=19 (full 0):
 garbage-first heap   total reserved 4022272K, committed 79872K, used 45792K [0x000000070a800000, 0x0000000800000000)
  region size 2048K, 2 young (4096K), 2 survivors (4096K)
 Metaspace       used 72816K, committed 73536K, reserved 1114112K
  class space    used 10203K, committed 10560K, reserved 1048576K
}
Event: 15.212 GC heap before
{Heap before GC invocations=19 (full 0):
 garbage-first heap   total reserved 4022272K, committed 79872K, used 66272K [0x000000070a800000, 0x0000000800000000)
  region size 2048K, 12 young (24576K), 2 survivors (4096K)
 Metaspace       used 72817K, committed 73536K, reserved 1114112K
  class space    used 10203K, committed 10560K, reserved 1048576K
}
Event: 15.217 GC heap after
{Heap after GC invocations=20 (full 0):
 garbage-first heap   total reserved 4022272K, committed 79872K, used 46488K [0x000000070a800000, 0x0000000800000000)
  region size 2048K, 1 young (2048K), 1 survivors (2048K)
 Metaspace       used 72817K, committed 73536K, reserved 1114112K
  class space    used 10203K, committed 10560K, reserved 1048576K
}
Event: 15.308 GC heap before
{Heap before GC invocations=20 (full 0):
 garbage-first heap   total reserved 4022272K, committed 79872K, used 66968K [0x000000070a800000, 0x0000000800000000)
  region size 2048K, 11 young (22528K), 1 survivors (2048K)
 Metaspace       used 72817K, committed 73536K, reserved 1114112K
  class space    used 10203K, committed 10560K, reserved 1048576K
}
Event: 15.310 GC heap after
{Heap after GC invocations=21 (full 0):
 garbage-first heap   total reserved 4022272K, committed 79872K, used 47294K [0x000000070a800000, 0x0000000800000000)
  region size 2048K, 1 young (2048K), 1 survivors (2048K)
 Metaspace       used 72817K, committed 73536K, reserved 1114112K
  class space    used 10203K, committed 10560K, reserved 1048576K
}
Event: 15.533 GC heap before
{Heap before GC invocations=22 (full 0):
 garbage-first heap   total reserved 4022272K, committed 79872K, used 63678K [0x000000070a800000, 0x0000000800000000)
  region size 2048K, 11 young (22528K), 1 survivors (2048K)
 Metaspace       used 72950K, committed 73664K, reserved 1114112K
  class space    used 10216K, committed 10560K, reserved 1048576K
}
Event: 15.535 GC heap after
{Heap after GC invocations=23 (full 0):
 garbage-first heap   total reserved 4022272K, committed 79872K, used 42522K [0x000000070a800000, 0x0000000800000000)
  region size 2048K, 1 young (2048K), 1 survivors (2048K)
 Metaspace       used 72950K, committed 73664K, reserved 1114112K
  class space    used 10216K, committed 10560K, reserved 1048576K
}
Event: 16.684 GC heap before
{Heap before GC invocations=23 (full 0):
 garbage-first heap   total reserved 4022272K, committed 79872K, used 67098K [0x000000070a800000, 0x0000000800000000)
  region size 2048K, 14 young (28672K), 1 survivors (2048K)
 Metaspace       used 75954K, committed 76736K, reserved 1179648K
  class space    used 10675K, committed 11008K, reserved 1048576K
}
Event: 16.688 GC heap after
{Heap after GC invocations=24 (full 0):
 garbage-first heap   total reserved 4022272K, committed 106496K, used 39750K [0x000000070a800000, 0x0000000800000000)
  region size 2048K, 2 young (4096K), 2 survivors (4096K)
 Metaspace       used 75954K, committed 76736K, reserved 1179648K
  class space    used 10675K, committed 11008K, reserved 1048576K
}
Event: 19.372 GC heap before
{Heap before GC invocations=24 (full 0):
 garbage-first heap   total reserved 4022272K, committed 106496K, used 88902K [0x000000070a800000, 0x0000000800000000)
  region size 2048K, 27 young (55296K), 2 survivors (4096K)
 Metaspace       used 84344K, committed 85184K, reserved 1179648K
  class space    used 11762K, committed 12096K, reserved 1048576K
}
Event: 19.380 GC heap after
{Heap after GC invocations=25 (full 0):
 garbage-first heap   total reserved 4022272K, committed 106496K, used 42785K [0x000000070a800000, 0x0000000800000000)
  region size 2048K, 4 young (8192K), 4 survivors (8192K)
 Metaspace       used 84344K, committed 85184K, reserved 1179648K
  class space    used 11762K, committed 12096K, reserved 1048576K
}

